\BOOKMARK [0][-]{chapter.1}{\376\377\0001\000\040\000C\000l\000a\000s\000s\000\040\000I\000n\000d\000e\000x}{}% 1
\BOOKMARK [1][-]{section.1.1}{\376\377\0001\000.\0001\000\040\000C\000l\000a\000s\000s\000\040\000L\000i\000s\000t}{chapter.1}% 2
\BOOKMARK [0][-]{chapter.2}{\376\377\0002\000\040\000C\000l\000a\000s\000s\000\040\000D\000o\000c\000u\000m\000e\000n\000t\000a\000t\000i\000o\000n}{}% 3
\BOOKMARK [1][-]{section.2.1}{\376\377\0002\000.\0001\000\040\000t\000w\000e\000e\000t\000o\000s\000c\000o\000p\000e\000:\000:\000c\000a\000s\000c\000a\000d\000e\000:\000:\000C\000a\000s\000c\000a\000d\000e\000\040\000C\000l\000a\000s\000s\000\040\000R\000e\000f\000e\000r\000e\000n\000c\000e}{chapter.2}% 4
\BOOKMARK [2][-]{subsection.2.1.1}{\376\377\0002\000.\0001\000.\0001\000\040\000C\000o\000n\000s\000t\000r\000u\000c\000t\000o\000r\000\040\000\046\000\040\000D\000e\000s\000t\000r\000u\000c\000t\000o\000r\000\040\000D\000o\000c\000u\000m\000e\000n\000t\000a\000t\000i\000o\000n}{section.2.1}% 5
\BOOKMARK [3][-]{subsubsection.2.1.1.1}{\376\377\0002\000.\0001\000.\0001\000.\0001\000\040\000C\000a\000s\000c\000a\000d\000e\000\050\000\051\000\040\000[\0001\000/\0003\000]}{subsection.2.1.1}% 6
\BOOKMARK [3][-]{subsubsection.2.1.1.2}{\376\377\0002\000.\0001\000.\0001\000.\0002\000\040\000C\000a\000s\000c\000a\000d\000e\000\050\000\051\000\040\000[\0002\000/\0003\000]}{subsection.2.1.1}% 7
\BOOKMARK [3][-]{subsubsection.2.1.1.3}{\376\377\0002\000.\0001\000.\0001\000.\0003\000\040\000C\000a\000s\000c\000a\000d\000e\000\050\000\051\000\040\000[\0003\000/\0003\000]}{subsection.2.1.1}% 8
\BOOKMARK [2][-]{subsection.2.1.2}{\376\377\0002\000.\0001\000.\0002\000\040\000M\000e\000m\000b\000e\000r\000\040\000F\000u\000n\000c\000t\000i\000o\000n\000\040\000D\000o\000c\000u\000m\000e\000n\000t\000a\000t\000i\000o\000n}{section.2.1}% 9
\BOOKMARK [3][-]{subsubsection.2.1.2.1}{\376\377\0002\000.\0001\000.\0002\000.\0001\000\040\000a\000d\000d\000T\000w\000e\000e\000t\000T\000o\000C\000a\000s\000c\000a\000d\000e\000\050\000\051}{subsection.2.1.2}% 10
\BOOKMARK [3][-]{subsubsection.2.1.2.2}{\376\377\0002\000.\0001\000.\0002\000.\0002\000\040\000g\000e\000t\000I\000d\000\050\000\051}{subsection.2.1.2}% 11
\BOOKMARK [3][-]{subsubsection.2.1.2.3}{\376\377\0002\000.\0001\000.\0002\000.\0003\000\040\000g\000e\000t\000M\000s\000g\000\050\000\051}{subsection.2.1.2}% 12
\BOOKMARK [3][-]{subsubsection.2.1.2.4}{\376\377\0002\000.\0001\000.\0002\000.\0004\000\040\000g\000e\000t\000p\000a\000i\000r\000s\000O\000f\000T\000i\000m\000e\000s\000A\000n\000d\000M\000a\000g\000n\000i\000t\000u\000d\000e\000s\000\050\000\051}{subsection.2.1.2}% 13
\BOOKMARK [3][-]{subsubsection.2.1.2.5}{\376\377\0002\000.\0001\000.\0002\000.\0005\000\040\000g\000e\000t\000S\000o\000u\000r\000c\000e\000\050\000\051}{subsection.2.1.2}% 14
\BOOKMARK [3][-]{subsubsection.2.1.2.6}{\376\377\0002\000.\0001\000.\0002\000.\0006\000\040\000g\000e\000t\000T\000i\000m\000e\000O\000f\000F\000i\000r\000s\000t\000T\000w\000e\000e\000t\000\050\000\051}{subsection.2.1.2}% 15
\BOOKMARK [3][-]{subsubsection.2.1.2.7}{\376\377\0002\000.\0001\000.\0002\000.\0007\000\040\000g\000e\000t\000T\000i\000m\000e\000O\000f\000L\000a\000s\000t\000T\000w\000e\000e\000t\000\050\000\051}{subsection.2.1.2}% 16
\BOOKMARK [3][-]{subsubsection.2.1.2.8}{\376\377\0002\000.\0001\000.\0002\000.\0008\000\040\000o\000p\000e\000r\000a\000t\000o\000r\000+\000=\000\050\000\051}{subsection.2.1.2}% 17
\BOOKMARK [3][-]{subsubsection.2.1.2.9}{\376\377\0002\000.\0001\000.\0002\000.\0009\000\040\000o\000p\000e\000r\000a\000t\000o\000r\000<\000\050\000\051}{subsection.2.1.2}% 18
\BOOKMARK [3][-]{subsubsection.2.1.2.10}{\376\377\0002\000.\0001\000.\0002\000.\0001\0000\000\040\000o\000p\000e\000r\000a\000t\000o\000r\000=\000\050\000\051\000\040\000[\0001\000/\0002\000]}{subsection.2.1.2}% 19
\BOOKMARK [3][-]{subsubsection.2.1.2.11}{\376\377\0002\000.\0001\000.\0002\000.\0001\0001\000\040\000o\000p\000e\000r\000a\000t\000o\000r\000=\000\050\000\051\000\040\000[\0002\000/\0002\000]}{subsection.2.1.2}% 20
\BOOKMARK [2][-]{subsection.2.1.3}{\376\377\0002\000.\0001\000.\0003\000\040\000F\000r\000i\000e\000n\000d\000s\000\040\000A\000n\000d\000\040\000R\000e\000l\000a\000t\000e\000d\000\040\000F\000u\000n\000c\000t\000i\000o\000n\000\040\000D\000o\000c\000u\000m\000e\000n\000t\000a\000t\000i\000o\000n}{section.2.1}% 21
\BOOKMARK [3][-]{subsubsection.2.1.3.1}{\376\377\0002\000.\0001\000.\0003\000.\0001\000\040\000o\000p\000e\000r\000a\000t\000o\000r\000<\000<}{subsection.2.1.3}% 22
\BOOKMARK [1][-]{section.2.2}{\376\377\0002\000.\0002\000\040\000t\000w\000e\000e\000t\000o\000s\000c\000o\000p\000e\000:\000:\000p\000a\000r\000a\000m\000s\000:\000:\000s\000e\000c\000t\000i\000o\000n\000:\000:\000C\000a\000s\000c\000a\000d\000e\000\040\000S\000t\000r\000u\000c\000t\000\040\000R\000e\000f\000e\000r\000e\000n\000c\000e}{chapter.2}% 23
\BOOKMARK [2][-]{subsection.2.2.1}{\376\377\0002\000.\0002\000.\0001\000\040\000D\000e\000t\000a\000i\000l\000e\000d\000\040\000D\000e\000s\000c\000r\000i\000p\000t\000i\000o\000n}{section.2.2}% 24
\BOOKMARK [1][-]{section.2.3}{\376\377\0002\000.\0003\000\040\000t\000w\000e\000e\000t\000o\000s\000c\000o\000p\000e\000:\000:\000c\000a\000s\000c\000a\000d\000e\000:\000:\000C\000a\000s\000c\000a\000d\000e\000R\000e\000f\000C\000o\000m\000p\000a\000r\000a\000t\000o\000r\000\040\000S\000t\000r\000u\000c\000t\000\040\000R\000e\000f\000e\000r\000e\000n\000c\000e}{chapter.2}% 25
\BOOKMARK [2][-]{subsection.2.3.1}{\376\377\0002\000.\0003\000.\0001\000\040\000D\000e\000t\000a\000i\000l\000e\000d\000\040\000D\000e\000s\000c\000r\000i\000p\000t\000i\000o\000n}{section.2.3}% 26
\BOOKMARK [2][-]{subsection.2.3.2}{\376\377\0002\000.\0003\000.\0002\000\040\000M\000e\000m\000b\000e\000r\000\040\000F\000u\000n\000c\000t\000i\000o\000n\000\040\000D\000o\000c\000u\000m\000e\000n\000t\000a\000t\000i\000o\000n}{section.2.3}% 27
\BOOKMARK [3][-]{subsubsection.2.3.2.1}{\376\377\0002\000.\0003\000.\0002\000.\0001\000\040\000o\000p\000e\000r\000a\000t\000o\000r\000\050\000\051\000\050\000\051}{subsection.2.3.2}% 28
\BOOKMARK [1][-]{section.2.4}{\376\377\0002\000.\0004\000\040\000t\000w\000e\000e\000t\000o\000s\000c\000o\000p\000e\000:\000:\000p\000a\000r\000a\000m\000s\000:\000:\000c\000o\000l\000l\000e\000c\000t\000o\000r\000\040\000S\000t\000r\000u\000c\000t\000\040\000R\000e\000f\000e\000r\000e\000n\000c\000e}{chapter.2}% 29
\BOOKMARK [2][-]{subsection.2.4.1}{\376\377\0002\000.\0004\000.\0001\000\040\000D\000e\000t\000a\000i\000l\000e\000d\000\040\000D\000e\000s\000c\000r\000i\000p\000t\000i\000o\000n}{section.2.4}% 30
\BOOKMARK [2][-]{subsection.2.4.2}{\376\377\0002\000.\0004\000.\0002\000\040\000C\000o\000n\000s\000t\000r\000u\000c\000t\000o\000r\000\040\000\046\000\040\000D\000e\000s\000t\000r\000u\000c\000t\000o\000r\000\040\000D\000o\000c\000u\000m\000e\000n\000t\000a\000t\000i\000o\000n}{section.2.4}% 31
\BOOKMARK [3][-]{subsubsection.2.4.2.1}{\376\377\0002\000.\0004\000.\0002\000.\0001\000\040\000c\000o\000l\000l\000e\000c\000t\000o\000r\000\050\000\051}{subsection.2.4.2}% 32
\BOOKMARK [1][-]{section.2.5}{\376\377\0002\000.\0005\000\040\000t\000w\000e\000e\000t\000o\000s\000c\000o\000p\000e\000:\000:\000p\000a\000r\000a\000m\000s\000:\000:\000s\000e\000c\000t\000i\000o\000n\000:\000:\000K\000a\000f\000k\000a\000\040\000S\000t\000r\000u\000c\000t\000\040\000R\000e\000f\000e\000r\000e\000n\000c\000e}{chapter.2}% 33
\BOOKMARK [2][-]{subsection.2.5.1}{\376\377\0002\000.\0005\000.\0001\000\040\000D\000e\000t\000a\000i\000l\000e\000d\000\040\000D\000e\000s\000c\000r\000i\000p\000t\000i\000o\000n}{section.2.5}% 34
\BOOKMARK [1][-]{section.2.6}{\376\377\0002\000.\0006\000\040\000t\000w\000e\000e\000t\000o\000s\000c\000o\000p\000e\000:\000:\000c\000a\000s\000c\000a\000d\000e\000:\000:\000P\000r\000o\000c\000e\000s\000s\000o\000r\000\040\000C\000l\000a\000s\000s\000\040\000R\000e\000f\000e\000r\000e\000n\000c\000e}{chapter.2}% 35
\BOOKMARK [2][-]{subsection.2.6.1}{\376\377\0002\000.\0006\000.\0001\000\040\000C\000o\000n\000s\000t\000r\000u\000c\000t\000o\000r\000\040\000\046\000\040\000D\000e\000s\000t\000r\000u\000c\000t\000o\000r\000\040\000D\000o\000c\000u\000m\000e\000n\000t\000a\000t\000i\000o\000n}{section.2.6}% 36
\BOOKMARK [3][-]{subsubsection.2.6.1.1}{\376\377\0002\000.\0006\000.\0001\000.\0001\000\040\000P\000r\000o\000c\000e\000s\000s\000o\000r\000\050\000\051\000\040\000[\0001\000/\0003\000]}{subsection.2.6.1}% 37
\BOOKMARK [3][-]{subsubsection.2.6.1.2}{\376\377\0002\000.\0006\000.\0001\000.\0002\000\040\000P\000r\000o\000c\000e\000s\000s\000o\000r\000\050\000\051\000\040\000[\0002\000/\0003\000]}{subsection.2.6.1}% 38
\BOOKMARK [3][-]{subsubsection.2.6.1.3}{\376\377\0002\000.\0006\000.\0001\000.\0003\000\040\000P\000r\000o\000c\000e\000s\000s\000o\000r\000\050\000\051\000\040\000[\0003\000/\0003\000]}{subsection.2.6.1}% 39
\BOOKMARK [2][-]{subsection.2.6.2}{\376\377\0002\000.\0006\000.\0002\000\040\000M\000e\000m\000b\000e\000r\000\040\000F\000u\000n\000c\000t\000i\000o\000n\000\040\000D\000o\000c\000u\000m\000e\000n\000t\000a\000t\000i\000o\000n}{section.2.6}% 40
\BOOKMARK [3][-]{subsubsection.2.6.2.1}{\376\377\0002\000.\0006\000.\0002\000.\0001\000\040\000a\000d\000d\000T\000o\000F\000I\000F\000O\000\050\000\051}{subsection.2.6.2}% 41
\BOOKMARK [3][-]{subsubsection.2.6.2.2}{\376\377\0002\000.\0006\000.\0002\000.\0002\000\040\000a\000d\000d\000T\000o\000P\000r\000i\000o\000r\000i\000t\000y\000Q\000u\000e\000u\000e\000\050\000\051}{subsection.2.6.2}% 42
\BOOKMARK [3][-]{subsubsection.2.6.2.3}{\376\377\0002\000.\0006\000.\0002\000.\0003\000\040\000a\000d\000d\000T\000o\000S\000y\000m\000b\000o\000l\000T\000a\000b\000l\000e\000\050\000\051}{subsection.2.6.2}% 43
\BOOKMARK [3][-]{subsubsection.2.6.2.4}{\376\377\0002\000.\0006\000.\0002\000.\0004\000\040\000d\000e\000c\000r\000e\000a\000s\000e\000P\000r\000i\000o\000r\000i\000t\000y\000Q\000u\000e\000u\000e\000\050\000\051}{subsection.2.6.2}% 44
\BOOKMARK [3][-]{subsubsection.2.6.2.5}{\376\377\0002\000.\0006\000.\0002\000.\0005\000\040\000g\000e\000t\000F\000I\000F\000O\000\050\000\051}{subsection.2.6.2}% 45
\BOOKMARK [3][-]{subsubsection.2.6.2.6}{\376\377\0002\000.\0006\000.\0002\000.\0006\000\040\000g\000e\000t\000P\000r\000i\000o\000r\000i\000t\000y\000Q\000u\000e\000u\000e\000\050\000\051}{subsection.2.6.2}% 46
\BOOKMARK [3][-]{subsubsection.2.6.2.7}{\376\377\0002\000.\0006\000.\0002\000.\0007\000\040\000g\000e\000t\000S\000o\000u\000r\000c\000e\000\050\000\051}{subsection.2.6.2}% 47
\BOOKMARK [3][-]{subsubsection.2.6.2.8}{\376\377\0002\000.\0006\000.\0002\000.\0008\000\040\000g\000e\000t\000S\000o\000u\000r\000c\000e\000T\000i\000m\000e\000\050\000\051}{subsection.2.6.2}% 48
\BOOKMARK [3][-]{subsubsection.2.6.2.9}{\376\377\0002\000.\0006\000.\0002\000.\0009\000\040\000g\000e\000t\000S\000y\000m\000b\000o\000l\000T\000a\000b\000l\000e\000\050\000\051}{subsection.2.6.2}% 49
\BOOKMARK [3][-]{subsubsection.2.6.2.10}{\376\377\0002\000.\0006\000.\0002\000.\0001\0000\000\040\000o\000p\000e\000r\000a\000t\000o\000r\000=\000\050\000\051\000\040\000[\0001\000/\0002\000]}{subsection.2.6.2}% 50
\BOOKMARK [3][-]{subsubsection.2.6.2.11}{\376\377\0002\000.\0006\000.\0002\000.\0001\0001\000\040\000o\000p\000e\000r\000a\000t\000o\000r\000=\000\050\000\051\000\040\000[\0002\000/\0002\000]}{subsection.2.6.2}% 51
\BOOKMARK [3][-]{subsubsection.2.6.2.12}{\376\377\0002\000.\0006\000.\0002\000.\0001\0002\000\040\000s\000e\000n\000d\000P\000a\000r\000t\000i\000a\000l\000C\000a\000s\000c\000a\000d\000e\000\050\000\051}{subsection.2.6.2}% 52
\BOOKMARK [3][-]{subsubsection.2.6.2.13}{\376\377\0002\000.\0006\000.\0002\000.\0001\0003\000\040\000s\000e\000n\000d\000T\000e\000r\000m\000i\000n\000a\000t\000e\000d\000C\000a\000s\000c\000a\000d\000e\000\050\000\051}{subsection.2.6.2}% 53
\BOOKMARK [3][-]{subsubsection.2.6.2.14}{\376\377\0002\000.\0006\000.\0002\000.\0001\0004\000\040\000s\000e\000t\000S\000o\000u\000r\000c\000e\000T\000i\000m\000e\000\050\000\051}{subsection.2.6.2}% 54
\BOOKMARK [2][-]{subsection.2.6.3}{\376\377\0002\000.\0006\000.\0003\000\040\000F\000r\000i\000e\000n\000d\000s\000\040\000A\000n\000d\000\040\000R\000e\000l\000a\000t\000e\000d\000\040\000F\000u\000n\000c\000t\000i\000o\000n\000\040\000D\000o\000c\000u\000m\000e\000n\000t\000a\000t\000i\000o\000n}{section.2.6}% 55
\BOOKMARK [3][-]{subsubsection.2.6.3.1}{\376\377\0002\000.\0006\000.\0003\000.\0001\000\040\000o\000p\000e\000r\000a\000t\000o\000r\000<\000<}{subsection.2.6.3}% 56
\BOOKMARK [1][-]{section.2.7}{\376\377\0002\000.\0007\000\040\000t\000w\000e\000e\000t\000o\000s\000c\000o\000p\000e\000:\000:\000p\000a\000r\000a\000m\000s\000:\000:\000s\000e\000c\000t\000i\000o\000n\000:\000:\000T\000i\000m\000e\000s\000\040\000S\000t\000r\000u\000c\000t\000\040\000R\000e\000f\000e\000r\000e\000n\000c\000e}{chapter.2}% 57
\BOOKMARK [2][-]{subsection.2.7.1}{\376\377\0002\000.\0007\000.\0001\000\040\000D\000e\000t\000a\000i\000l\000e\000d\000\040\000D\000e\000s\000c\000r\000i\000p\000t\000i\000o\000n}{section.2.7}% 58
\BOOKMARK [1][-]{section.2.8}{\376\377\0002\000.\0008\000\040\000t\000w\000e\000e\000t\000o\000s\000c\000o\000p\000e\000:\000:\000p\000a\000r\000a\000m\000s\000:\000:\000s\000e\000c\000t\000i\000o\000n\000:\000:\000T\000o\000p\000i\000c\000\040\000S\000t\000r\000u\000c\000t\000\040\000R\000e\000f\000e\000r\000e\000n\000c\000e}{chapter.2}% 59
\BOOKMARK [2][-]{subsection.2.8.1}{\376\377\0002\000.\0008\000.\0001\000\040\000D\000e\000t\000a\000i\000l\000e\000d\000\040\000D\000e\000s\000c\000r\000i\000p\000t\000i\000o\000n}{section.2.8}% 60
\BOOKMARK [1][-]{section.2.9}{\376\377\0002\000.\0009\000\040\000t\000w\000e\000e\000t\000o\000s\000c\000o\000p\000e\000:\000:\000t\000w\000e\000e\000t\000\040\000S\000t\000r\000u\000c\000t\000\040\000R\000e\000f\000e\000r\000e\000n\000c\000e}{chapter.2}% 61
\BOOKMARK [2][-]{subsection.2.9.1}{\376\377\0002\000.\0009\000.\0001\000\040\000D\000e\000t\000a\000i\000l\000e\000d\000\040\000D\000e\000s\000c\000r\000i\000p\000t\000i\000o\000n}{section.2.9}% 62
\BOOKMARK [0][-]{section*.14}{\376\377\000I\000n\000d\000e\000x}{}% 63
